


ARM Macro Assembler    Page 1 


    1 00000000         ;/*
    2 00000000         ;*******************************************************
                       *************************************************
    3 00000000         ;                                    EXCEPTION VECTORS &
                        STARTUP CODE
    4 00000000         ;
    5 00000000         ; File      : cstartup.s
    6 00000000         ; For       : ARMv7M Cortex-M3
    7 00000000         ; Mode      : Thumb2
    8 00000000         ; Toolchain : RealView Development Suite
    9 00000000         ;             RealView Microcontroller Development Kit (
                       MDK)
   10 00000000         ;             ARM Developer Suite (ADS)
   11 00000000         ;             Keil uVision
   12 00000000         ;*******************************************************
                       *************************************************
   13 00000000         ;*/
   14 00000000         
   15 00000000         ;/*
   16 00000000         ;*******************************************************
                       *************************************************
   17 00000000         ;*                           <<< Use Configuration Wizar
                       d in Context Menu >>>
   18 00000000         ;*
   19 00000000         ;* Note(s) : (1) The µVision4 Configuration Wizard enabl
                       es menu driven configuration of assembler, 
   20 00000000         ;*               C/C++, or debugger initialization files
                       . The Configuration Wizard uses control items 
   21 00000000         ;*               that are embedded into the comments of 
                       the configuration file.
   22 00000000         ;*
   23 00000000         ;*******************************************************
                       *************************************************
   24 00000000         ;*/
   25 00000000         
   26 00000000         ;/*
   27 00000000         ;*******************************************************
                       *************************************************
   28 00000000         ;*                                              STACK DE
                       FINITIONS
   29 00000000         ;*
   30 00000000         ;* Configuration Wizard Menu:
   31 00000000         ;* // <h> Stack Configuration
   32 00000000         ;* //   <o> Stack Size (in Bytes) <0x0-0xFFFFFFFF:8>
   33 00000000         ;* // </h>;
   34 00000000         ;*******************************************************
                       **************************************************
   35 00000000         ;*/
   36 00000000         
   37 00000000 00000400 
                       STACK_SIZE
                               EQU              0x00000400
   38 00000000                 AREA             STACK, NOINIT, READWRITE, ALIGN
=3
   39 00000000         Stack_Mem
                               SPACE            STACK_SIZE
   40 00000400         __initial_sp
   41 00000400         
   42 00000400         



ARM Macro Assembler    Page 2 


   43 00000400         ;/*
   44 00000400         ;*******************************************************
                       *************************************************
   45 00000400         ;*                                              STACK DE
                       FINITIONS
   46 00000400         ; <h> Heap Configuration
   47 00000400         ;   <o>  Heap Size (in Bytes) <0x0-0xFFFFFFFF:8>
   48 00000400         ; </h>
   49 00000400         ;*******************************************************
                       **************************************************
   50 00000400         ;*/
   51 00000400         
   52 00000400 00000000 
                       HEAP_SIZE
                               EQU              0x00000000
   53 00000400                 AREA             HEAP, NOINIT, READWRITE, ALIGN=
3
   54 00000000         __heap_base
   55 00000000         Heap_Mem
                               SPACE            HEAP_SIZE
   56 00000000         __heap_limit
   57 00000000         
   58 00000000         
   59 00000000                 PRESERVE8
   60 00000000                 THUMB
   61 00000000         
   62 00000000         
   63 00000000         ; Vector Table Mapped to Address 0 at Reset
   64 00000000                 AREA             RESET, DATA, READONLY
   65 00000000                 EXPORT           __Vectors
   66 00000000                 IMPORT           BSP_IntHandlerWWDG
   67 00000000                 IMPORT           BSP_IntHandlerPVD
   68 00000000                 IMPORT           BSP_IntHandlerTAMPER
   69 00000000                 IMPORT           BSP_IntHandlerRTC
   70 00000000                 IMPORT           BSP_IntHandlerFLASH
   71 00000000                 IMPORT           BSP_IntHandlerRCC
   72 00000000                 IMPORT           BSP_IntHandlerEXTI0
   73 00000000                 IMPORT           BSP_IntHandlerEXTI1
   74 00000000                 IMPORT           BSP_IntHandlerEXTI2
   75 00000000                 IMPORT           BSP_IntHandlerEXTI3
   76 00000000                 IMPORT           BSP_IntHandlerEXTI4
   77 00000000                 IMPORT           BSP_IntHandlerDMA1_CH1
   78 00000000                 IMPORT           BSP_IntHandlerDMA1_CH2
   79 00000000                 IMPORT           BSP_IntHandlerDMA1_CH3
   80 00000000                 IMPORT           BSP_IntHandlerDMA1_CH4
   81 00000000                 IMPORT           BSP_IntHandlerDMA1_CH5
   82 00000000         
   83 00000000                 IMPORT           BSP_IntHandlerDMA1_CH6
   84 00000000                 IMPORT           BSP_IntHandlerDMA1_CH7
   85 00000000                 IMPORT           BSP_IntHandlerADC1_2
   86 00000000                 IMPORT           BSP_IntHandlerCAN1_TX
   87 00000000                 IMPORT           BSP_IntHandlerCAN1_RX0
   88 00000000                 IMPORT           BSP_IntHandlerCAN1_RX1
   89 00000000                 IMPORT           BSP_IntHandlerCAN1_SCE
   90 00000000                 IMPORT           BSP_IntHandlerEXTI9_5
   91 00000000                 IMPORT           BSP_IntHandlerTIM1_BRK
   92 00000000                 IMPORT           BSP_IntHandlerTIM1_UP
   93 00000000                 IMPORT           BSP_IntHandlerTIM1_TRG_COM
   94 00000000                 IMPORT           BSP_IntHandlerTIM1_CC



ARM Macro Assembler    Page 3 


   95 00000000                 IMPORT           BSP_IntHandlerTIM2
   96 00000000                 IMPORT           BSP_IntHandlerTIM3
   97 00000000                 IMPORT           BSP_IntHandlerTIM4
   98 00000000                 IMPORT           BSP_IntHandlerI2C1_EV
   99 00000000                 IMPORT           BSP_IntHandlerI2C1_ER
  100 00000000                 IMPORT           BSP_IntHandlerI2C2_EV
  101 00000000                 IMPORT           BSP_IntHandlerI2C2_ER
  102 00000000                 IMPORT           BSP_IntHandlerSPI1
  103 00000000                 IMPORT           BSP_IntHandlerSPI2
  104 00000000                 IMPORT           BSP_IntHandlerUSART1
  105 00000000                 IMPORT           BSP_IntHandlerUSART2
  106 00000000                 IMPORT           BSP_IntHandlerUSART3
  107 00000000                 IMPORT           BSP_IntHandlerEXTI15_10
  108 00000000                 IMPORT           BSP_IntHandlerRTCAlarm
  109 00000000                 IMPORT           BSP_IntHandlerUSBWakeUp
  110 00000000         
  111 00000000         ;                                IMPORT  App_Reserved_IS
                       R                     
  112 00000000         ;                                IMPORT  App_Reserved_IS
                       R             
  113 00000000         ;                                IMPORT  App_Reserved_IS
                       R                     
  114 00000000         ;                                IMPORT  App_Reserved_IS
                       R                     
  115 00000000         ;                                IMPORT  App_Reserved_IS
                       R                     
  116 00000000         ;                                IMPORT  App_Reserved_IS
                       R                     
  117 00000000         ;                                IMPORT  App_Reserved_IS
                       R                     
  118 00000000         
  119 00000000                 IMPORT           BSP_IntHandlerTIM5
  120 00000000                 IMPORT           BSP_IntHandlerSPI3
  121 00000000                 IMPORT           BSP_IntHandlerUSART4
  122 00000000                 IMPORT           BSP_IntHandlerUSART5
  123 00000000                 IMPORT           BSP_IntHandlerTIM6
  124 00000000                 IMPORT           BSP_IntHandlerTIM7
  125 00000000                 IMPORT           BSP_IntHandlerDMA2_CH1
  126 00000000                 IMPORT           BSP_IntHandlerDMA2_CH2
  127 00000000                 IMPORT           BSP_IntHandlerDMA2_CH3
  128 00000000                 IMPORT           BSP_IntHandlerDMA2_CH4
  129 00000000                 IMPORT           BSP_IntHandlerDMA2_CH5
  130 00000000                 IMPORT           BSP_IntHandlerETH
  131 00000000                 IMPORT           BSP_IntHandlerETHWakeup
  132 00000000                 IMPORT           BSP_IntHandlerCAN2_TX
  133 00000000                 IMPORT           BSP_IntHandlerCAN2_RX0
  134 00000000                 IMPORT           BSP_IntHandlerCAN2_RX1
  135 00000000                 IMPORT           BSP_IntHandlerCAN2_SCE
  136 00000000                 IMPORT           BSP_IntHandlerOTG
  137 00000000         
  138 00000000                 IMPORT           OS_CPU_PendSVHandler
  139 00000000                 IMPORT           OS_CPU_SysTickHandler
  140 00000000         
  141 00000000 00000000 
                       __Vectors
                               DCD              __initial_sp ; Top of Stack
  142 00000004 00000000        DCD              Reset_Handler ; Reset Handler
  143 00000008 00000000        DCD              App_NMI_ISR ;/*  2, NMI.       
                                                                               



ARM Macro Assembler    Page 4 


                                                                               
                                                              */
  144 0000000C 00000000        DCD              App_Fault_ISR ;/*  3, Hard Faul
                                                            t.                 
                                                                               
                                                                */
  145 00000010 00000000        DCD              App_MemFault_ISR ;/*  4, Memory
                                                             Management.       
                                                                               
                                                                   */
  146 00000014 00000000        DCD              App_BusFault_ISR ;/*  5, Bus Fa
                                                            ult.               
                                                                               
                                                                   */
  147 00000018 00000000        DCD              App_UsageFault_ISR ;/*  6, Usag
                                                            e Fault.           
                                                                               
                                                                     */
  148 0000001C 00000000        DCD              App_Spurious_ISR ;/*  7, Reserv
                                                            ed.                
                                                                               
                                                                   */
  149 00000020 00000000        DCD              App_Spurious_ISR ;/*  8, Reserv
                                                            ed.                
                                                                               
                                                                   */
  150 00000024 00000000        DCD              App_Spurious_ISR ;/*  9, Reserv
                                                            ed.                
                                                                               
                                                                   */
  151 00000028 00000000        DCD              App_Spurious_ISR ;/* 10, Reserv
                                                            ed.                
                                                                               
                                                                   */
  152 0000002C 00000000        DCD              App_Spurious_ISR ;/* 11, SVCall
                                                            .                  
                                                                               
                                                                   */
  153 00000030 00000000        DCD              App_Spurious_ISR ;/* 12, Debug 
                                                            Monitor.           
                                                                               
                                                                   */
  154 00000034 00000000        DCD              App_Spurious_ISR ;/* 13, Reserv
                                                            ed.                
                                                                               
                                                                   */
  155 00000038 00000000        DCD              OS_CPU_PendSVHandler ;/* 14, Pe
                                                            ndSV Handler.      
                                                                               
                                                                       */
  156 0000003C 00000000        DCD              OS_CPU_SysTickHandler ;/* 15, u
                                                            C/OS-III Tick ISR H
                                                            andler.            
                                                                        */
  157 00000040         
  158 00000040 00000000        DCD              BSP_IntHandlerWWDG ;/* 16, INTI
                                                            SR[  0]  Window Wat
                                                            chdog.             
                                                                   */   



ARM Macro Assembler    Page 5 


  159 00000044 00000000        DCD              BSP_IntHandlerPVD ;/* 17, INTIS
                                                            R[  1]  PVD through
                                                             EXTI Line Detectio
                                                            n.    */   
  160 00000048 00000000        DCD              BSP_IntHandlerTAMPER ;/* 18, IN
                                                            TISR[  2]  Tamper I
                                                            nterrupt.          
                                                                     */   
  161 0000004C 00000000        DCD              BSP_IntHandlerRTC ;/* 19, INTIS
                                                            R[  3]  RTC Global 
                                                            Interrupt.         
                                                                  */   
  162 00000050 00000000        DCD              BSP_IntHandlerFLASH ;/* 20, INT
                                                            ISR[  4]  FLASH Glo
                                                            bal Interrupt.     
                                                                    */   
  163 00000054 00000000        DCD              BSP_IntHandlerRCC ;/* 21, INTIS
                                                            R[  5]  RCC Global 
                                                            Interrupt.         
                                                                  */   
  164 00000058 00000000        DCD              BSP_IntHandlerEXTI0 ;/* 22, INT
                                                            ISR[  6]  EXTI Line
                                                            0 Interrupt.       
                                                                    */   
  165 0000005C 00000000        DCD              BSP_IntHandlerEXTI1 ;/* 23, INT
                                                            ISR[  7]  EXTI Line
                                                            1 Interrupt.       
                                                                    */   
  166 00000060 00000000        DCD              BSP_IntHandlerEXTI2 ;/* 24, INT
                                                            ISR[  8]  EXTI Line
                                                            2 Interrupt.       
                                                                    */   
  167 00000064 00000000        DCD              BSP_IntHandlerEXTI3 ;/* 25, INT
                                                            ISR[  9]  EXTI Line
                                                            3 Interrupt.       
                                                                    */   
  168 00000068 00000000        DCD              BSP_IntHandlerEXTI4 ;/* 26, INT
                                                            ISR[ 10]  EXTI Line
                                                            4 Interrupt.       
                                                                    */   
  169 0000006C 00000000        DCD              BSP_IntHandlerDMA1_CH1 ;/* 27, 
                                                            INTISR[ 11]  DMA Ch
                                                            annel1 Global Inter
                                                            rupt.      */   
  170 00000070 00000000        DCD              BSP_IntHandlerDMA1_CH2 ;/* 28, 
                                                            INTISR[ 12]  DMA Ch
                                                            annel2 Global Inter
                                                            rupt.      */   
  171 00000074 00000000        DCD              BSP_IntHandlerDMA1_CH3 ;/* 29, 
                                                            INTISR[ 13]  DMA Ch
                                                            annel3 Global Inter
                                                            rupt.      */   
  172 00000078 00000000        DCD              BSP_IntHandlerDMA1_CH4 ;/* 30, 
                                                            INTISR[ 14]  DMA Ch
                                                            annel4 Global Inter
                                                            rupt.      */   
  173 0000007C 00000000        DCD              BSP_IntHandlerDMA1_CH5 ;/* 31, 
                                                            INTISR[ 15]  DMA Ch
                                                            annel5 Global Inter



ARM Macro Assembler    Page 6 


                                                            rupt.      */   
  174 00000080         
  175 00000080 00000000        DCD              BSP_IntHandlerDMA1_CH6 ;/* 32, 
                                                            INTISR[ 16]  DMA Ch
                                                            annel6 Global Inter
                                                            rupt.      */   
  176 00000084 00000000        DCD              BSP_IntHandlerDMA1_CH7 ;/* 33, 
                                                            INTISR[ 17]  DMA Ch
                                                            annel7 Global Inter
                                                            rupt.      */   
  177 00000088 00000000        DCD              BSP_IntHandlerADC1_2 ;/* 34, IN
                                                            TISR[ 18]  ADC1 & A
                                                            DC2 Global Interrup
                                                            t.       */   
  178 0000008C 00000000        DCD              BSP_IntHandlerCAN1_TX ;/* 35, I
                                                            NTISR[ 19]  USB Hig
                                                            h Prio / CAN TX  In
                                                            terrupts. */   
  179 00000090 00000000        DCD              BSP_IntHandlerCAN1_RX0 ;/* 36, 
                                                            INTISR[ 20]  USB Lo
                                                            w  Prio / CAN RX0 I
                                                            nterrupts. */   
  180 00000094 00000000        DCD              BSP_IntHandlerCAN1_RX1 ;/* 37, 
                                                            INTISR[ 21]  CAN RX
                                                            1 Interrupt.       
                                                                       */   
  181 00000098 00000000        DCD              BSP_IntHandlerCAN1_SCE ;/* 38, 
                                                            INTISR[ 22]  CAN SC
                                                            E Interrupt.       
                                                                       */   
  182 0000009C 00000000        DCD              BSP_IntHandlerEXTI9_5 ;/* 39, I
                                                            NTISR[ 23]  EXTI Li
                                                            ne[9:5] Interrupt. 
                                                                      */   
  183 000000A0 00000000        DCD              BSP_IntHandlerTIM1_BRK ;/* 40, 
                                                            INTISR[ 24]  TIM1 B
                                                            reak  Interrupt.   
                                                                       */   
  184 000000A4 00000000        DCD              BSP_IntHandlerTIM1_UP ;/* 41, I
                                                            NTISR[ 25]  TIM1 Up
                                                            date Interrupt.    
                                                                      */   
  185 000000A8 00000000        DCD              BSP_IntHandlerTIM1_TRG_COM ;/* 
                                                            42, INTISR[ 26]  TI
                                                            M1 Trig & Commutati
                                                            on Interrupts. */  
                                                             
  186 000000AC 00000000        DCD              BSP_IntHandlerTIM1_CC ;/* 43, I
                                                            NTISR[ 27]  TIM1 Ca
                                                            pture Compare Inter
                                                            rupt.     */   
  187 000000B0 00000000        DCD              BSP_IntHandlerTIM2 ;/* 44, INTI
                                                            SR[ 28]  TIM2 Globa
                                                            l Interrupt.       
                                                                   */   
  188 000000B4 00000000        DCD              BSP_IntHandlerTIM3 ;/* 45, INTI
                                                            SR[ 29]  TIM3 Globa
                                                            l Interrupt.       
                                                                   */   



ARM Macro Assembler    Page 7 


  189 000000B8 00000000        DCD              BSP_IntHandlerTIM4 ;/* 46, INTI
                                                            SR[ 30]  TIM4 Globa
                                                            l Interrupt.       
                                                                   */   
  190 000000BC 00000000        DCD              BSP_IntHandlerI2C1_EV ;/* 47, I
                                                            NTISR[ 31]  I2C1 Ev
                                                            ent  Interrupt.    
                                                                      */   
  191 000000C0 00000000        DCD              BSP_IntHandlerI2C1_ER ;/* 48, I
                                                            NTISR[ 32]  I2C1 Er
                                                            ror  Interrupt.    
                                                                      */   
  192 000000C4 00000000        DCD              BSP_IntHandlerI2C2_EV ;/* 49, I
                                                            NTISR[ 33]  I2C2 Ev
                                                            ent  Interrupt.    
                                                                      */   
  193 000000C8 00000000        DCD              BSP_IntHandlerI2C2_ER ;/* 50, I
                                                            NTISR[ 34]  I2C2 Er
                                                            ror  Interrupt.    
                                                                      */   
  194 000000CC 00000000        DCD              BSP_IntHandlerSPI1 ;/* 51, INTI
                                                            SR[ 35]  SPI1 Globa
                                                            l Interrupt.       
                                                                   */   
  195 000000D0 00000000        DCD              BSP_IntHandlerSPI2 ;/* 52, INTI
                                                            SR[ 36]  SPI2 Globa
                                                            l Interrupt.       
                                                                   */   
  196 000000D4 00000000        DCD              BSP_IntHandlerUSART1 ;/* 53, IN
                                                            TISR[ 37]  USART1 G
                                                            lobal Interrupt.   
                                                                     */   
  197 000000D8 00000000        DCD              BSP_IntHandlerUSART2 ;/* 54, IN
                                                            TISR[ 38]  USART2 G
                                                            lobal Interrupt.   
                                                                     */   
  198 000000DC 00000000        DCD              BSP_IntHandlerUSART3 ;/* 55, IN
                                                            TISR[ 39]  USART3 G
                                                            lobal Interrupt.   
                                                                     */   
  199 000000E0 00000000        DCD              BSP_IntHandlerEXTI15_10 ;/* 56,
                                                             INTISR[ 40]  EXTI 
                                                            Line [15:10] Interr
                                                            upts.       */   
  200 000000E4 00000000        DCD              BSP_IntHandlerRTCAlarm ;/* 57, 
                                                            INTISR[ 41]  RTC Al
                                                            arm EXT Line Interr
                                                            upt.       */   
  201 000000E8 00000000        DCD              BSP_IntHandlerUSBWakeUp ;/* 58,
                                                             INTISR[ 42]  USB W
                                                            akeup from Suspend 
                                                            EXTI Int.   */   
  202 000000EC         
  203 000000EC 00000000        DCD              App_Reserved_ISR ;/* 59, INTISR
                                                            [ 43]  USB Wakeup f
                                                            rom Suspend EXTI In
                                                            t.   */   
  204 000000F0 00000000        DCD              App_Reserved_ISR ;/* 60, INTISR
                                                            [ 44]  USB Wakeup f



ARM Macro Assembler    Page 8 


                                                            rom Suspend EXTI In
                                                            t.   */   
  205 000000F4 00000000        DCD              App_Reserved_ISR ;/* 61, INTISR
                                                            [ 45]  USB Wakeup f
                                                            rom Suspend EXTI In
                                                            t.   */   
  206 000000F8 00000000        DCD              App_Reserved_ISR ;/* 62, INTISR
                                                            [ 46]  USB Wakeup f
                                                            rom Suspend EXTI In
                                                            t.   */   
  207 000000FC 00000000        DCD              App_Reserved_ISR ;/* 63, INTISR
                                                            [ 47]  USB Wakeup f
                                                            rom Suspend EXTI In
                                                            t.   */   
  208 00000100 00000000        DCD              App_Reserved_ISR ;/* 64, INTISR
                                                            [ 48]  USB Wakeup f
                                                            rom Suspend EXTI In
                                                            t.   */   
  209 00000104 00000000        DCD              App_Reserved_ISR ;/* 65, INTISR
                                                            [ 49]  USB Wakeup f
                                                            rom Suspend EXTI In
                                                            t.   */   
  210 00000108         
  211 00000108 00000000        DCD              BSP_IntHandlerTIM5 ;/* 66, INTI
                                                            SR[ 50]  TIM5 globa
                                                            l Interrupt.       
                                                                   */   
  212 0000010C 00000000        DCD              BSP_IntHandlerSPI3 ;/* 67, INTI
                                                            SR[ 51]  SPI3 globa
                                                            l Interrupt.       
                                                                   */   
  213 00000110 00000000        DCD              BSP_IntHandlerUSART4 ;/* 68, IN
                                                            TISR[ 52]  UART4 gl
                                                            obal Interrupt.    
                                                                     */   
  214 00000114 00000000        DCD              BSP_IntHandlerUSART5 ;/* 69, IN
                                                            TISR[ 53]  UART5 gl
                                                            obal Interrupt.    
                                                                     */   
  215 00000118 00000000        DCD              BSP_IntHandlerTIM6 ;/* 70, INTI
                                                            SR[ 54]  TIM6 globa
                                                            l Interrupt.       
                                                                   */   
  216 0000011C 00000000        DCD              BSP_IntHandlerTIM7 ;/* 71, INTI
                                                            SR[ 55]  TIM7 globa
                                                            l Interrupt.       
                                                                   */   
  217 00000120 00000000        DCD              BSP_IntHandlerDMA2_CH1 ;/* 72, 
                                                            INTISR[ 56]  DMA2 C
                                                            hannel 1 global Int
                                                            errupt.    */   
  218 00000124 00000000        DCD              BSP_IntHandlerDMA2_CH2 ;/* 73, 
                                                            INTISR[ 57]  DMA2 C
                                                            hannel 2 global Int
                                                            errupt.    */   
  219 00000128 00000000        DCD              BSP_IntHandlerDMA2_CH3 ;/* 74, 
                                                            INTISR[ 58]  DMA2 C
                                                            hannel 3 global Int
                                                            errupt.    */   



ARM Macro Assembler    Page 9 


  220 0000012C 00000000        DCD              BSP_IntHandlerDMA2_CH4 ;/* 75, 
                                                            INTISR[ 59]  DMA2 C
                                                            hannel 4 global Int
                                                            errupt.    */   
  221 00000130 00000000        DCD              BSP_IntHandlerDMA2_CH5 ;/* 76, 
                                                            INTISR[ 60]  DMA2 C
                                                            hannel 5 global Int
                                                            errupt.    */   
  222 00000134 00000000        DCD              BSP_IntHandlerETH ;/* 77, INTIS
                                                            R[ 61]  ETH global 
                                                            Interrupt.         
                                                                  */   
  223 00000138 00000000        DCD              BSP_IntHandlerETHWakeup ;/* 78,
                                                             INTISR[ 62]  ETH W
                                                            akeUp from EXTI lin
                                                            e Int.      */   
  224 0000013C 00000000        DCD              BSP_IntHandlerCAN2_TX ;/* 79, I
                                                            NTISR[ 63]  CAN2 TX
                                                             Interrupts.       
                                                                      */   
  225 00000140 00000000        DCD              BSP_IntHandlerCAN2_RX0 ;/* 80, 
                                                            INTISR[ 64]  CAN2 R
                                                            X0 Interrupts.     
                                                                       */   
  226 00000144 00000000        DCD              BSP_IntHandlerCAN2_RX1 ;/* 81, 
                                                            INTISR[ 65]  CAN2 R
                                                            X1 Interrupt.      
                                                                       */   
  227 00000148 00000000        DCD              BSP_IntHandlerCAN2_SCE ;/* 82, 
                                                            INTISR[ 66]  CAN2 S
                                                            CE Interrupt.      
                                                                       */   
  228 0000014C 00000000        DCD              BSP_IntHandlerOTG ;/* 83, INTIS
                                                            R[ 67]  OTG global 
                                                            Interrupt.         
                                                                  */   
  229 00000150         
  230 00000150                 AREA             |.text|, CODE, READONLY
  231 00000000         
  232 00000000         
  233 00000000         
  234 00000000         ; Reset Handler
  235 00000000         
  236 00000000         Reset_Handler
                               PROC
  237 00000000                 EXPORT           Reset_Handler                 [
WEAK]
  238 00000000                 IMPORT           __main
  239 00000000         
  240 00000000 481A            LDR              R0, =__main
  241 00000002 4700            BX               R0
  242 00000004                 ENDP
  243 00000004         
  244 00000004         ; Dummy Exception Handlers (infinite loops which can be 
                       modified)                
  245 00000004         
  246 00000004         App_NMI_ISR
                               PROC
  247 00000004         ;                EXPORT  App_NMI_ISR                   [



ARM Macro Assembler    Page 10 


                       WEAK]
  248 00000004                 IMPORT           App_NMI_ISR_c
  249 00000004 F01E 0F04       TST              LR, #4
  250 00000008 BF0C            ITE              EQ
  251 0000000A F3EF 8008       MRSEQ            R0, MSP
  252 0000000E F3EF 8009       MRSNE            R0, PSP
  253 00000012 F7FF BFFE       B                App_NMI_ISR_c
  254 00000016 E7FE            B                .
  255 00000018                 ENDP
  257 00000018         App_Fault_ISR
                               PROC
  258 00000018         ;                EXPORT  App_Fault_ISR                 [
                       WEAK]
  259 00000018                 IMPORT           App_Fault_ISR_c
  260 00000018 F01E 0F04       TST              LR, #4
  261 0000001C BF0C            ITE              EQ
  262 0000001E F3EF 8008       MRSEQ            R0, MSP
  263 00000022 F3EF 8009       MRSNE            R0, PSP
  264 00000026 F7FF BFFE       B                App_Fault_ISR_c
  265 0000002A E7FE            B                .
  266 0000002C                 ENDP
  268 0000002C         App_MemFault_ISR
                               PROC
  269 0000002C         ;                EXPORT  App_MemFault_ISR             [W
                       EAK]
  270 0000002C                 IMPORT           App_MemFault_ISR_c
  271 0000002C F01E 0F04       TST              LR, #4
  272 00000030 BF0C            ITE              EQ
  273 00000032 F3EF 8008       MRSEQ            R0, MSP
  274 00000036 F3EF 8009       MRSNE            R0, PSP
  275 0000003A F7FF BFFE       B                App_MemFault_ISR_c
  276 0000003E E7FE            B                .
  277 00000040                 ENDP
  279 00000040         App_BusFault_ISR
                               PROC
  280 00000040         ;                EXPORT  App_BusFault_ISR             [W
                       EAK]
  281 00000040                 IMPORT           App_BusFault_ISR_c
  282 00000040 F01E 0F04       TST              LR, #4
  283 00000044 BF0C            ITE              EQ
  284 00000046 F3EF 8008       MRSEQ            R0, MSP
  285 0000004A F3EF 8009       MRSNE            R0, PSP
  286 0000004E F7FF BFFE       B                App_BusFault_ISR_c
  287 00000052 E7FE            B                .
  288 00000054                 ENDP
  290 00000054         App_UsageFault_ISR
                               PROC
  291 00000054         ;                EXPORT  App_UsageFault_ISR            [
                       WEAK]
  292 00000054                 IMPORT           App_UsageFault_ISR_c
  293 00000054 F01E 0F04       TST              LR, #4
  294 00000058 BF0C            ITE              EQ
  295 0000005A F3EF 8008       MRSEQ            R0, MSP
  296 0000005E F3EF 8009       MRSNE            R0, PSP
  297 00000062 F7FF BFFE       B                App_UsageFault_ISR_c
  298 00000066 E7FE            B                .
  299 00000068                 ENDP
  301 00000068         App_Spurious_ISR
                               PROC



ARM Macro Assembler    Page 11 


  302 00000068                 EXPORT           App_Spurious_ISR               
 [WEAK]
  303 00000068 E7FE            B                .
  304 0000006A                 ENDP
  306 0000006A         App_Reserved_ISR
                               PROC
  307 0000006A                 EXPORT           App_Reserved_ISR               
 [WEAK]
  308 0000006A E7FE            B                .
  309 0000006C                 ENDP
  310 0000006C         
  311 0000006C         
  312 0000006C                 ALIGN
  313 0000006C         
  314 0000006C         
  315 0000006C         ; User Initial Stack & Heap
  316 0000006C         
  317 0000006C                 IF               :DEF:__MICROLIB
  318 0000006C         
  319 0000006C                 EXPORT           __initial_sp
  320 0000006C                 EXPORT           __heap_base
  321 0000006C                 EXPORT           __heap_limit
  322 0000006C         
  323 0000006C                 ELSE
  338                          ENDIF
  339 0000006C         
  340 0000006C         
  341 0000006C                 END
              00000000 
Command Line: --debug --xref --cpu=Cortex-M3 --apcs=interwork --depend=.\obj\cs
tartup.d -o.\obj\cstartup.o -ID:\MDK4\ARM\RV31\INC -ID:\MDK4\ARM\CMSIS\Include 
-ID:\MDK4\ARM\Inc\ST\STM32F10x --predefine="__MICROLIB SETA 1" --list=.\lst\cst
artup.lst ..\..\BSP\KeilMDK\cstartup.s



ARM Macro Assembler    Page 1 Alphabetic symbol ordering
Relocatable symbols

STACK 00000000

Symbol: STACK
   Definitions
      At line 38 in file ..\..\BSP\KeilMDK\cstartup.s
   Uses
      None
Comment: STACK unused
Stack_Mem 00000000

Symbol: Stack_Mem
   Definitions
      At line 39 in file ..\..\BSP\KeilMDK\cstartup.s
   Uses
      None
Comment: Stack_Mem unused
__initial_sp 00000400

Symbol: __initial_sp
   Definitions
      At line 40 in file ..\..\BSP\KeilMDK\cstartup.s
   Uses
      At line 141 in file ..\..\BSP\KeilMDK\cstartup.s
      At line 319 in file ..\..\BSP\KeilMDK\cstartup.s

3 symbols



ARM Macro Assembler    Page 1 Alphabetic symbol ordering
Relocatable symbols

HEAP 00000000

Symbol: HEAP
   Definitions
      At line 53 in file ..\..\BSP\KeilMDK\cstartup.s
   Uses
      None
Comment: HEAP unused
Heap_Mem 00000000

Symbol: Heap_Mem
   Definitions
      At line 55 in file ..\..\BSP\KeilMDK\cstartup.s
   Uses
      None
Comment: Heap_Mem unused
__heap_base 00000000

Symbol: __heap_base
   Definitions
      At line 54 in file ..\..\BSP\KeilMDK\cstartup.s
   Uses
      At line 320 in file ..\..\BSP\KeilMDK\cstartup.s
Comment: __heap_base used once
__heap_limit 00000000

Symbol: __heap_limit
   Definitions
      At line 56 in file ..\..\BSP\KeilMDK\cstartup.s
   Uses
      At line 321 in file ..\..\BSP\KeilMDK\cstartup.s
Comment: __heap_limit used once
4 symbols



ARM Macro Assembler    Page 1 Alphabetic symbol ordering
Relocatable symbols

RESET 00000000

Symbol: RESET
   Definitions
      At line 64 in file ..\..\BSP\KeilMDK\cstartup.s
   Uses
      None
Comment: RESET unused
__Vectors 00000000

Symbol: __Vectors
   Definitions
      At line 141 in file ..\..\BSP\KeilMDK\cstartup.s
   Uses
      At line 65 in file ..\..\BSP\KeilMDK\cstartup.s
Comment: __Vectors used once
2 symbols



ARM Macro Assembler    Page 1 Alphabetic symbol ordering
Relocatable symbols

.text 00000000

Symbol: .text
   Definitions
      At line 230 in file ..\..\BSP\KeilMDK\cstartup.s
   Uses
      None
Comment: .text unused
App_BusFault_ISR 00000040

Symbol: App_BusFault_ISR
   Definitions
      At line 279 in file ..\..\BSP\KeilMDK\cstartup.s
   Uses
      At line 146 in file ..\..\BSP\KeilMDK\cstartup.s
Comment: App_BusFault_ISR used once
App_Fault_ISR 00000018

Symbol: App_Fault_ISR
   Definitions
      At line 257 in file ..\..\BSP\KeilMDK\cstartup.s
   Uses
      At line 144 in file ..\..\BSP\KeilMDK\cstartup.s
Comment: App_Fault_ISR used once
App_MemFault_ISR 0000002C

Symbol: App_MemFault_ISR
   Definitions
      At line 268 in file ..\..\BSP\KeilMDK\cstartup.s
   Uses
      At line 145 in file ..\..\BSP\KeilMDK\cstartup.s
Comment: App_MemFault_ISR used once
App_NMI_ISR 00000004

Symbol: App_NMI_ISR
   Definitions
      At line 246 in file ..\..\BSP\KeilMDK\cstartup.s
   Uses
      At line 143 in file ..\..\BSP\KeilMDK\cstartup.s
Comment: App_NMI_ISR used once
App_Reserved_ISR 0000006A

Symbol: App_Reserved_ISR
   Definitions
      At line 306 in file ..\..\BSP\KeilMDK\cstartup.s
   Uses
      At line 203 in file ..\..\BSP\KeilMDK\cstartup.s
      At line 204 in file ..\..\BSP\KeilMDK\cstartup.s
      At line 205 in file ..\..\BSP\KeilMDK\cstartup.s
      At line 206 in file ..\..\BSP\KeilMDK\cstartup.s
      At line 207 in file ..\..\BSP\KeilMDK\cstartup.s
      At line 208 in file ..\..\BSP\KeilMDK\cstartup.s
      At line 209 in file ..\..\BSP\KeilMDK\cstartup.s
      At line 307 in file ..\..\BSP\KeilMDK\cstartup.s

App_Spurious_ISR 00000068

Symbol: App_Spurious_ISR
   Definitions



ARM Macro Assembler    Page 2 Alphabetic symbol ordering
Relocatable symbols

      At line 301 in file ..\..\BSP\KeilMDK\cstartup.s
   Uses
      At line 148 in file ..\..\BSP\KeilMDK\cstartup.s
      At line 149 in file ..\..\BSP\KeilMDK\cstartup.s
      At line 150 in file ..\..\BSP\KeilMDK\cstartup.s
      At line 151 in file ..\..\BSP\KeilMDK\cstartup.s
      At line 152 in file ..\..\BSP\KeilMDK\cstartup.s
      At line 153 in file ..\..\BSP\KeilMDK\cstartup.s
      At line 154 in file ..\..\BSP\KeilMDK\cstartup.s
      At line 302 in file ..\..\BSP\KeilMDK\cstartup.s

App_UsageFault_ISR 00000054

Symbol: App_UsageFault_ISR
   Definitions
      At line 290 in file ..\..\BSP\KeilMDK\cstartup.s
   Uses
      At line 147 in file ..\..\BSP\KeilMDK\cstartup.s
Comment: App_UsageFault_ISR used once
Reset_Handler 00000000

Symbol: Reset_Handler
   Definitions
      At line 236 in file ..\..\BSP\KeilMDK\cstartup.s
   Uses
      At line 142 in file ..\..\BSP\KeilMDK\cstartup.s
      At line 237 in file ..\..\BSP\KeilMDK\cstartup.s

9 symbols



ARM Macro Assembler    Page 1 Alphabetic symbol ordering
Absolute symbols

HEAP_SIZE 00000000

Symbol: HEAP_SIZE
   Definitions
      At line 52 in file ..\..\BSP\KeilMDK\cstartup.s
   Uses
      At line 55 in file ..\..\BSP\KeilMDK\cstartup.s
Comment: HEAP_SIZE used once
STACK_SIZE 00000400

Symbol: STACK_SIZE
   Definitions
      At line 37 in file ..\..\BSP\KeilMDK\cstartup.s
   Uses
      At line 39 in file ..\..\BSP\KeilMDK\cstartup.s
Comment: STACK_SIZE used once
2 symbols



ARM Macro Assembler    Page 1 Alphabetic symbol ordering
External symbols

App_BusFault_ISR_c 00000000

Symbol: App_BusFault_ISR_c
   Definitions
      At line 281 in file ..\..\BSP\KeilMDK\cstartup.s
   Uses
      At line 286 in file ..\..\BSP\KeilMDK\cstartup.s
Comment: App_BusFault_ISR_c used once
App_Fault_ISR_c 00000000

Symbol: App_Fault_ISR_c
   Definitions
      At line 259 in file ..\..\BSP\KeilMDK\cstartup.s
   Uses
      At line 264 in file ..\..\BSP\KeilMDK\cstartup.s
Comment: App_Fault_ISR_c used once
App_MemFault_ISR_c 00000000

Symbol: App_MemFault_ISR_c
   Definitions
      At line 270 in file ..\..\BSP\KeilMDK\cstartup.s
   Uses
      At line 275 in file ..\..\BSP\KeilMDK\cstartup.s
Comment: App_MemFault_ISR_c used once
App_NMI_ISR_c 00000000

Symbol: App_NMI_ISR_c
   Definitions
      At line 248 in file ..\..\BSP\KeilMDK\cstartup.s
   Uses
      At line 253 in file ..\..\BSP\KeilMDK\cstartup.s
Comment: App_NMI_ISR_c used once
App_UsageFault_ISR_c 00000000

Symbol: App_UsageFault_ISR_c
   Definitions
      At line 292 in file ..\..\BSP\KeilMDK\cstartup.s
   Uses
      At line 297 in file ..\..\BSP\KeilMDK\cstartup.s
Comment: App_UsageFault_ISR_c used once
BSP_IntHandlerADC1_2 00000000

Symbol: BSP_IntHandlerADC1_2
   Definitions
      At line 85 in file ..\..\BSP\KeilMDK\cstartup.s
   Uses
      At line 177 in file ..\..\BSP\KeilMDK\cstartup.s
Comment: BSP_IntHandlerADC1_2 used once
BSP_IntHandlerCAN1_RX0 00000000

Symbol: BSP_IntHandlerCAN1_RX0
   Definitions
      At line 87 in file ..\..\BSP\KeilMDK\cstartup.s
   Uses
      At line 179 in file ..\..\BSP\KeilMDK\cstartup.s
Comment: BSP_IntHandlerCAN1_RX0 used once
BSP_IntHandlerCAN1_RX1 00000000

Symbol: BSP_IntHandlerCAN1_RX1



ARM Macro Assembler    Page 2 Alphabetic symbol ordering
External symbols

   Definitions
      At line 88 in file ..\..\BSP\KeilMDK\cstartup.s
   Uses
      At line 180 in file ..\..\BSP\KeilMDK\cstartup.s
Comment: BSP_IntHandlerCAN1_RX1 used once
BSP_IntHandlerCAN1_SCE 00000000

Symbol: BSP_IntHandlerCAN1_SCE
   Definitions
      At line 89 in file ..\..\BSP\KeilMDK\cstartup.s
   Uses
      At line 181 in file ..\..\BSP\KeilMDK\cstartup.s
Comment: BSP_IntHandlerCAN1_SCE used once
BSP_IntHandlerCAN1_TX 00000000

Symbol: BSP_IntHandlerCAN1_TX
   Definitions
      At line 86 in file ..\..\BSP\KeilMDK\cstartup.s
   Uses
      At line 178 in file ..\..\BSP\KeilMDK\cstartup.s
Comment: BSP_IntHandlerCAN1_TX used once
BSP_IntHandlerCAN2_RX0 00000000

Symbol: BSP_IntHandlerCAN2_RX0
   Definitions
      At line 133 in file ..\..\BSP\KeilMDK\cstartup.s
   Uses
      At line 225 in file ..\..\BSP\KeilMDK\cstartup.s
Comment: BSP_IntHandlerCAN2_RX0 used once
BSP_IntHandlerCAN2_RX1 00000000

Symbol: BSP_IntHandlerCAN2_RX1
   Definitions
      At line 134 in file ..\..\BSP\KeilMDK\cstartup.s
   Uses
      At line 226 in file ..\..\BSP\KeilMDK\cstartup.s
Comment: BSP_IntHandlerCAN2_RX1 used once
BSP_IntHandlerCAN2_SCE 00000000

Symbol: BSP_IntHandlerCAN2_SCE
   Definitions
      At line 135 in file ..\..\BSP\KeilMDK\cstartup.s
   Uses
      At line 227 in file ..\..\BSP\KeilMDK\cstartup.s
Comment: BSP_IntHandlerCAN2_SCE used once
BSP_IntHandlerCAN2_TX 00000000

Symbol: BSP_IntHandlerCAN2_TX
   Definitions
      At line 132 in file ..\..\BSP\KeilMDK\cstartup.s
   Uses
      At line 224 in file ..\..\BSP\KeilMDK\cstartup.s
Comment: BSP_IntHandlerCAN2_TX used once
BSP_IntHandlerDMA1_CH1 00000000

Symbol: BSP_IntHandlerDMA1_CH1
   Definitions
      At line 77 in file ..\..\BSP\KeilMDK\cstartup.s
   Uses



ARM Macro Assembler    Page 3 Alphabetic symbol ordering
External symbols

      At line 169 in file ..\..\BSP\KeilMDK\cstartup.s
Comment: BSP_IntHandlerDMA1_CH1 used once
BSP_IntHandlerDMA1_CH2 00000000

Symbol: BSP_IntHandlerDMA1_CH2
   Definitions
      At line 78 in file ..\..\BSP\KeilMDK\cstartup.s
   Uses
      At line 170 in file ..\..\BSP\KeilMDK\cstartup.s
Comment: BSP_IntHandlerDMA1_CH2 used once
BSP_IntHandlerDMA1_CH3 00000000

Symbol: BSP_IntHandlerDMA1_CH3
   Definitions
      At line 79 in file ..\..\BSP\KeilMDK\cstartup.s
   Uses
      At line 171 in file ..\..\BSP\KeilMDK\cstartup.s
Comment: BSP_IntHandlerDMA1_CH3 used once
BSP_IntHandlerDMA1_CH4 00000000

Symbol: BSP_IntHandlerDMA1_CH4
   Definitions
      At line 80 in file ..\..\BSP\KeilMDK\cstartup.s
   Uses
      At line 172 in file ..\..\BSP\KeilMDK\cstartup.s
Comment: BSP_IntHandlerDMA1_CH4 used once
BSP_IntHandlerDMA1_CH5 00000000

Symbol: BSP_IntHandlerDMA1_CH5
   Definitions
      At line 81 in file ..\..\BSP\KeilMDK\cstartup.s
   Uses
      At line 173 in file ..\..\BSP\KeilMDK\cstartup.s
Comment: BSP_IntHandlerDMA1_CH5 used once
BSP_IntHandlerDMA1_CH6 00000000

Symbol: BSP_IntHandlerDMA1_CH6
   Definitions
      At line 83 in file ..\..\BSP\KeilMDK\cstartup.s
   Uses
      At line 175 in file ..\..\BSP\KeilMDK\cstartup.s
Comment: BSP_IntHandlerDMA1_CH6 used once
BSP_IntHandlerDMA1_CH7 00000000

Symbol: BSP_IntHandlerDMA1_CH7
   Definitions
      At line 84 in file ..\..\BSP\KeilMDK\cstartup.s
   Uses
      At line 176 in file ..\..\BSP\KeilMDK\cstartup.s
Comment: BSP_IntHandlerDMA1_CH7 used once
BSP_IntHandlerDMA2_CH1 00000000

Symbol: BSP_IntHandlerDMA2_CH1
   Definitions
      At line 125 in file ..\..\BSP\KeilMDK\cstartup.s
   Uses
      At line 217 in file ..\..\BSP\KeilMDK\cstartup.s
Comment: BSP_IntHandlerDMA2_CH1 used once
BSP_IntHandlerDMA2_CH2 00000000



ARM Macro Assembler    Page 4 Alphabetic symbol ordering
External symbols


Symbol: BSP_IntHandlerDMA2_CH2
   Definitions
      At line 126 in file ..\..\BSP\KeilMDK\cstartup.s
   Uses
      At line 218 in file ..\..\BSP\KeilMDK\cstartup.s
Comment: BSP_IntHandlerDMA2_CH2 used once
BSP_IntHandlerDMA2_CH3 00000000

Symbol: BSP_IntHandlerDMA2_CH3
   Definitions
      At line 127 in file ..\..\BSP\KeilMDK\cstartup.s
   Uses
      At line 219 in file ..\..\BSP\KeilMDK\cstartup.s
Comment: BSP_IntHandlerDMA2_CH3 used once
BSP_IntHandlerDMA2_CH4 00000000

Symbol: BSP_IntHandlerDMA2_CH4
   Definitions
      At line 128 in file ..\..\BSP\KeilMDK\cstartup.s
   Uses
      At line 220 in file ..\..\BSP\KeilMDK\cstartup.s
Comment: BSP_IntHandlerDMA2_CH4 used once
BSP_IntHandlerDMA2_CH5 00000000

Symbol: BSP_IntHandlerDMA2_CH5
   Definitions
      At line 129 in file ..\..\BSP\KeilMDK\cstartup.s
   Uses
      At line 221 in file ..\..\BSP\KeilMDK\cstartup.s
Comment: BSP_IntHandlerDMA2_CH5 used once
BSP_IntHandlerETH 00000000

Symbol: BSP_IntHandlerETH
   Definitions
      At line 130 in file ..\..\BSP\KeilMDK\cstartup.s
   Uses
      At line 222 in file ..\..\BSP\KeilMDK\cstartup.s
Comment: BSP_IntHandlerETH used once
BSP_IntHandlerETHWakeup 00000000

Symbol: BSP_IntHandlerETHWakeup
   Definitions
      At line 131 in file ..\..\BSP\KeilMDK\cstartup.s
   Uses
      At line 223 in file ..\..\BSP\KeilMDK\cstartup.s
Comment: BSP_IntHandlerETHWakeup used once
BSP_IntHandlerEXTI0 00000000

Symbol: BSP_IntHandlerEXTI0
   Definitions
      At line 72 in file ..\..\BSP\KeilMDK\cstartup.s
   Uses
      At line 164 in file ..\..\BSP\KeilMDK\cstartup.s
Comment: BSP_IntHandlerEXTI0 used once
BSP_IntHandlerEXTI1 00000000

Symbol: BSP_IntHandlerEXTI1
   Definitions



ARM Macro Assembler    Page 5 Alphabetic symbol ordering
External symbols

      At line 73 in file ..\..\BSP\KeilMDK\cstartup.s
   Uses
      At line 165 in file ..\..\BSP\KeilMDK\cstartup.s
Comment: BSP_IntHandlerEXTI1 used once
BSP_IntHandlerEXTI15_10 00000000

Symbol: BSP_IntHandlerEXTI15_10
   Definitions
      At line 107 in file ..\..\BSP\KeilMDK\cstartup.s
   Uses
      At line 199 in file ..\..\BSP\KeilMDK\cstartup.s
Comment: BSP_IntHandlerEXTI15_10 used once
BSP_IntHandlerEXTI2 00000000

Symbol: BSP_IntHandlerEXTI2
   Definitions
      At line 74 in file ..\..\BSP\KeilMDK\cstartup.s
   Uses
      At line 166 in file ..\..\BSP\KeilMDK\cstartup.s
Comment: BSP_IntHandlerEXTI2 used once
BSP_IntHandlerEXTI3 00000000

Symbol: BSP_IntHandlerEXTI3
   Definitions
      At line 75 in file ..\..\BSP\KeilMDK\cstartup.s
   Uses
      At line 167 in file ..\..\BSP\KeilMDK\cstartup.s
Comment: BSP_IntHandlerEXTI3 used once
BSP_IntHandlerEXTI4 00000000

Symbol: BSP_IntHandlerEXTI4
   Definitions
      At line 76 in file ..\..\BSP\KeilMDK\cstartup.s
   Uses
      At line 168 in file ..\..\BSP\KeilMDK\cstartup.s
Comment: BSP_IntHandlerEXTI4 used once
BSP_IntHandlerEXTI9_5 00000000

Symbol: BSP_IntHandlerEXTI9_5
   Definitions
      At line 90 in file ..\..\BSP\KeilMDK\cstartup.s
   Uses
      At line 182 in file ..\..\BSP\KeilMDK\cstartup.s
Comment: BSP_IntHandlerEXTI9_5 used once
BSP_IntHandlerFLASH 00000000

Symbol: BSP_IntHandlerFLASH
   Definitions
      At line 70 in file ..\..\BSP\KeilMDK\cstartup.s
   Uses
      At line 162 in file ..\..\BSP\KeilMDK\cstartup.s
Comment: BSP_IntHandlerFLASH used once
BSP_IntHandlerI2C1_ER 00000000

Symbol: BSP_IntHandlerI2C1_ER
   Definitions
      At line 99 in file ..\..\BSP\KeilMDK\cstartup.s
   Uses
      At line 191 in file ..\..\BSP\KeilMDK\cstartup.s



ARM Macro Assembler    Page 6 Alphabetic symbol ordering
External symbols

Comment: BSP_IntHandlerI2C1_ER used once
BSP_IntHandlerI2C1_EV 00000000

Symbol: BSP_IntHandlerI2C1_EV
   Definitions
      At line 98 in file ..\..\BSP\KeilMDK\cstartup.s
   Uses
      At line 190 in file ..\..\BSP\KeilMDK\cstartup.s
Comment: BSP_IntHandlerI2C1_EV used once
BSP_IntHandlerI2C2_ER 00000000

Symbol: BSP_IntHandlerI2C2_ER
   Definitions
      At line 101 in file ..\..\BSP\KeilMDK\cstartup.s
   Uses
      At line 193 in file ..\..\BSP\KeilMDK\cstartup.s
Comment: BSP_IntHandlerI2C2_ER used once
BSP_IntHandlerI2C2_EV 00000000

Symbol: BSP_IntHandlerI2C2_EV
   Definitions
      At line 100 in file ..\..\BSP\KeilMDK\cstartup.s
   Uses
      At line 192 in file ..\..\BSP\KeilMDK\cstartup.s
Comment: BSP_IntHandlerI2C2_EV used once
BSP_IntHandlerOTG 00000000

Symbol: BSP_IntHandlerOTG
   Definitions
      At line 136 in file ..\..\BSP\KeilMDK\cstartup.s
   Uses
      At line 228 in file ..\..\BSP\KeilMDK\cstartup.s
Comment: BSP_IntHandlerOTG used once
BSP_IntHandlerPVD 00000000

Symbol: BSP_IntHandlerPVD
   Definitions
      At line 67 in file ..\..\BSP\KeilMDK\cstartup.s
   Uses
      At line 159 in file ..\..\BSP\KeilMDK\cstartup.s
Comment: BSP_IntHandlerPVD used once
BSP_IntHandlerRCC 00000000

Symbol: BSP_IntHandlerRCC
   Definitions
      At line 71 in file ..\..\BSP\KeilMDK\cstartup.s
   Uses
      At line 163 in file ..\..\BSP\KeilMDK\cstartup.s
Comment: BSP_IntHandlerRCC used once
BSP_IntHandlerRTC 00000000

Symbol: BSP_IntHandlerRTC
   Definitions
      At line 69 in file ..\..\BSP\KeilMDK\cstartup.s
   Uses
      At line 161 in file ..\..\BSP\KeilMDK\cstartup.s
Comment: BSP_IntHandlerRTC used once
BSP_IntHandlerRTCAlarm 00000000




ARM Macro Assembler    Page 7 Alphabetic symbol ordering
External symbols

Symbol: BSP_IntHandlerRTCAlarm
   Definitions
      At line 108 in file ..\..\BSP\KeilMDK\cstartup.s
   Uses
      At line 200 in file ..\..\BSP\KeilMDK\cstartup.s
Comment: BSP_IntHandlerRTCAlarm used once
BSP_IntHandlerSPI1 00000000

Symbol: BSP_IntHandlerSPI1
   Definitions
      At line 102 in file ..\..\BSP\KeilMDK\cstartup.s
   Uses
      At line 194 in file ..\..\BSP\KeilMDK\cstartup.s
Comment: BSP_IntHandlerSPI1 used once
BSP_IntHandlerSPI2 00000000

Symbol: BSP_IntHandlerSPI2
   Definitions
      At line 103 in file ..\..\BSP\KeilMDK\cstartup.s
   Uses
      At line 195 in file ..\..\BSP\KeilMDK\cstartup.s
Comment: BSP_IntHandlerSPI2 used once
BSP_IntHandlerSPI3 00000000

Symbol: BSP_IntHandlerSPI3
   Definitions
      At line 120 in file ..\..\BSP\KeilMDK\cstartup.s
   Uses
      At line 212 in file ..\..\BSP\KeilMDK\cstartup.s
Comment: BSP_IntHandlerSPI3 used once
BSP_IntHandlerTAMPER 00000000

Symbol: BSP_IntHandlerTAMPER
   Definitions
      At line 68 in file ..\..\BSP\KeilMDK\cstartup.s
   Uses
      At line 160 in file ..\..\BSP\KeilMDK\cstartup.s
Comment: BSP_IntHandlerTAMPER used once
BSP_IntHandlerTIM1_BRK 00000000

Symbol: BSP_IntHandlerTIM1_BRK
   Definitions
      At line 91 in file ..\..\BSP\KeilMDK\cstartup.s
   Uses
      At line 183 in file ..\..\BSP\KeilMDK\cstartup.s
Comment: BSP_IntHandlerTIM1_BRK used once
BSP_IntHandlerTIM1_CC 00000000

Symbol: BSP_IntHandlerTIM1_CC
   Definitions
      At line 94 in file ..\..\BSP\KeilMDK\cstartup.s
   Uses
      At line 186 in file ..\..\BSP\KeilMDK\cstartup.s
Comment: BSP_IntHandlerTIM1_CC used once
BSP_IntHandlerTIM1_TRG_COM 00000000

Symbol: BSP_IntHandlerTIM1_TRG_COM
   Definitions
      At line 93 in file ..\..\BSP\KeilMDK\cstartup.s



ARM Macro Assembler    Page 8 Alphabetic symbol ordering
External symbols

   Uses
      At line 185 in file ..\..\BSP\KeilMDK\cstartup.s
Comment: BSP_IntHandlerTIM1_TRG_COM used once
BSP_IntHandlerTIM1_UP 00000000

Symbol: BSP_IntHandlerTIM1_UP
   Definitions
      At line 92 in file ..\..\BSP\KeilMDK\cstartup.s
   Uses
      At line 184 in file ..\..\BSP\KeilMDK\cstartup.s
Comment: BSP_IntHandlerTIM1_UP used once
BSP_IntHandlerTIM2 00000000

Symbol: BSP_IntHandlerTIM2
   Definitions
      At line 95 in file ..\..\BSP\KeilMDK\cstartup.s
   Uses
      At line 187 in file ..\..\BSP\KeilMDK\cstartup.s
Comment: BSP_IntHandlerTIM2 used once
BSP_IntHandlerTIM3 00000000

Symbol: BSP_IntHandlerTIM3
   Definitions
      At line 96 in file ..\..\BSP\KeilMDK\cstartup.s
   Uses
      At line 188 in file ..\..\BSP\KeilMDK\cstartup.s
Comment: BSP_IntHandlerTIM3 used once
BSP_IntHandlerTIM4 00000000

Symbol: BSP_IntHandlerTIM4
   Definitions
      At line 97 in file ..\..\BSP\KeilMDK\cstartup.s
   Uses
      At line 189 in file ..\..\BSP\KeilMDK\cstartup.s
Comment: BSP_IntHandlerTIM4 used once
BSP_IntHandlerTIM5 00000000

Symbol: BSP_IntHandlerTIM5
   Definitions
      At line 119 in file ..\..\BSP\KeilMDK\cstartup.s
   Uses
      At line 211 in file ..\..\BSP\KeilMDK\cstartup.s
Comment: BSP_IntHandlerTIM5 used once
BSP_IntHandlerTIM6 00000000

Symbol: BSP_IntHandlerTIM6
   Definitions
      At line 123 in file ..\..\BSP\KeilMDK\cstartup.s
   Uses
      At line 215 in file ..\..\BSP\KeilMDK\cstartup.s
Comment: BSP_IntHandlerTIM6 used once
BSP_IntHandlerTIM7 00000000

Symbol: BSP_IntHandlerTIM7
   Definitions
      At line 124 in file ..\..\BSP\KeilMDK\cstartup.s
   Uses
      At line 216 in file ..\..\BSP\KeilMDK\cstartup.s
Comment: BSP_IntHandlerTIM7 used once



ARM Macro Assembler    Page 9 Alphabetic symbol ordering
External symbols

BSP_IntHandlerUSART1 00000000

Symbol: BSP_IntHandlerUSART1
   Definitions
      At line 104 in file ..\..\BSP\KeilMDK\cstartup.s
   Uses
      At line 196 in file ..\..\BSP\KeilMDK\cstartup.s
Comment: BSP_IntHandlerUSART1 used once
BSP_IntHandlerUSART2 00000000

Symbol: BSP_IntHandlerUSART2
   Definitions
      At line 105 in file ..\..\BSP\KeilMDK\cstartup.s
   Uses
      At line 197 in file ..\..\BSP\KeilMDK\cstartup.s
Comment: BSP_IntHandlerUSART2 used once
BSP_IntHandlerUSART3 00000000

Symbol: BSP_IntHandlerUSART3
   Definitions
      At line 106 in file ..\..\BSP\KeilMDK\cstartup.s
   Uses
      At line 198 in file ..\..\BSP\KeilMDK\cstartup.s
Comment: BSP_IntHandlerUSART3 used once
BSP_IntHandlerUSART4 00000000

Symbol: BSP_IntHandlerUSART4
   Definitions
      At line 121 in file ..\..\BSP\KeilMDK\cstartup.s
   Uses
      At line 213 in file ..\..\BSP\KeilMDK\cstartup.s
Comment: BSP_IntHandlerUSART4 used once
BSP_IntHandlerUSART5 00000000

Symbol: BSP_IntHandlerUSART5
   Definitions
      At line 122 in file ..\..\BSP\KeilMDK\cstartup.s
   Uses
      At line 214 in file ..\..\BSP\KeilMDK\cstartup.s
Comment: BSP_IntHandlerUSART5 used once
BSP_IntHandlerUSBWakeUp 00000000

Symbol: BSP_IntHandlerUSBWakeUp
   Definitions
      At line 109 in file ..\..\BSP\KeilMDK\cstartup.s
   Uses
      At line 201 in file ..\..\BSP\KeilMDK\cstartup.s
Comment: BSP_IntHandlerUSBWakeUp used once
BSP_IntHandlerWWDG 00000000

Symbol: BSP_IntHandlerWWDG
   Definitions
      At line 66 in file ..\..\BSP\KeilMDK\cstartup.s
   Uses
      At line 158 in file ..\..\BSP\KeilMDK\cstartup.s
Comment: BSP_IntHandlerWWDG used once
OS_CPU_PendSVHandler 00000000

Symbol: OS_CPU_PendSVHandler



ARM Macro Assembler    Page 10 Alphabetic symbol ordering
External symbols

   Definitions
      At line 138 in file ..\..\BSP\KeilMDK\cstartup.s
   Uses
      At line 155 in file ..\..\BSP\KeilMDK\cstartup.s
Comment: OS_CPU_PendSVHandler used once
OS_CPU_SysTickHandler 00000000

Symbol: OS_CPU_SysTickHandler
   Definitions
      At line 139 in file ..\..\BSP\KeilMDK\cstartup.s
   Uses
      At line 156 in file ..\..\BSP\KeilMDK\cstartup.s
Comment: OS_CPU_SysTickHandler used once
__main 00000000

Symbol: __main
   Definitions
      At line 238 in file ..\..\BSP\KeilMDK\cstartup.s
   Uses
      At line 240 in file ..\..\BSP\KeilMDK\cstartup.s
Comment: __main used once
69 symbols
422 symbols in table
